# JRE version: OpenJDK Runtime Environment (11.0.13) (build 11.0.13+0-b1751.21-8125866)
# Java VM: OpenJDK 64-Bit Server VM (11.0.13+0-b1751.21-8125866, mixed mode, tiered, compressed oops, g1 gc, windows-amd64)
Heap:
 garbage-first heap   total 333824K, used 222846K [0x0000000080000000, 0x0000000100000000)
  region size 1024K, 2 young (2048K), 2 survivors (2048K)
 Metaspace       used 137418K, capacity 141394K, committed 144808K, reserved 1173504K
  class space    used 17101K, capacity 18609K, committed 19928K, reserved 1048576K
GC Heap History (20 events):
Event: 212.520 GC heap before
{Heap before GC invocations=45 (full 0):
 garbage-first heap   total 256000K, used 214022K [0x0000000080000000, 0x0000000100000000)
  region size 1024K, 86 young (88064K), 5 survivors (5120K)
 Metaspace       used 115389K, capacity 118890K, committed 119208K, reserved 1153024K
  class space    used 14417K, capacity 15748K, committed 15832K, reserved 1048576K
}
Event: 212.527 GC heap after
{Heap after GC invocations=46 (full 0):
 garbage-first heap   total 256000K, used 131764K [0x0000000080000000, 0x0000000100000000)
  region size 1024K, 11 young (11264K), 11 survivors (11264K)
 Metaspace       used 115389K, capacity 118890K, committed 119208K, reserved 1153024K
  class space    used 14417K, capacity 15748K, committed 15832K, reserved 1048576K
}
Event: 212.536 GC heap before
{Heap before GC invocations=46 (full 0):
 garbage-first heap   total 256000K, used 132788K [0x0000000080000000, 0x0000000100000000)
  region size 1024K, 12 young (12288K), 11 survivors (11264K)
 Metaspace       used 115646K, capacity 119146K, committed 119464K, reserved 1153024K
  class space    used 14443K, capacity 15748K, committed 15832K, reserved 1048576K
}
Event: 212.540 GC heap after
{Heap after GC invocations=47 (full 0):
 garbage-first heap   total 256000K, used 132550K [0x0000000080000000, 0x0000000100000000)
  region size 1024K, 2 young (2048K), 2 survivors (2048K)
 Metaspace       used 115646K, capacity 119146K, committed 119464K, reserved 1153024K
  class space    used 14443K, capacity 15748K, committed 15832K, reserved 1048576K
}
Event: 212.803 GC heap before
{Heap before GC invocations=47 (full 0):
 garbage-first heap   total 256000K, used 205254K [0x0000000080000000, 0x0000000100000000)
  region size 1024K, 74 young (75776K), 2 survivors (2048K)
 Metaspace       used 127049K, capacity 131657K, committed 131880K, reserved 1163264K
  class space    used 16326K, capacity 18191K, committed 18264K, reserved 1048576K
}
Event: 212.813 GC heap after
{Heap after GC invocations=48 (full 0):
 garbage-first heap   total 256000K, used 143988K [0x0000000080000000, 0x0000000100000000)
  region size 1024K, 10 young (10240K), 10 survivors (10240K)
 Metaspace       used 127049K, capacity 131657K, committed 131880K, reserved 1163264K
  class space    used 16326K, capacity 18191K, committed 18264K, reserved 1048576K
}
Event: 213.000 GC heap before
{Heap before GC invocations=49 (full 0):
 garbage-first heap   total 256000K, used 205428K [0x0000000080000000, 0x0000000100000000)
  region size 1024K, 72 young (73728K), 10 survivors (10240K)
 Metaspace       used 130697K, capacity 135413K, committed 135720K, reserved 1167360K
  class space    used 16790K, capacity 18686K, committed 18776K, reserved 1048576K
}
Event: 213.008 GC heap after
{Heap after GC invocations=50 (full 0):
 garbage-first heap   total 256000K, used 147508K [0x0000000080000000, 0x0000000100000000)
  region size 1024K, 5 young (5120K), 5 survivors (5120K)
 Metaspace       used 130697K, capacity 135413K, committed 135720K, reserved 1167360K
  class space    used 16790K, capacity 18686K, committed 18776K, reserved 1048576K
}
Event: 213.037 GC heap before
{Heap before GC invocations=50 (full 0):
 garbage-first heap   total 256000K, used 154676K [0x0000000080000000, 0x0000000100000000)
  region size 1024K, 12 young (12288K), 5 survivors (5120K)
 Metaspace       used 131379K, capacity 136195K, committed 136360K, reserved 1167360K
  class space    used 16896K, capacity 18840K, committed 18904K, reserved 1048576K
}
Event: 213.041 GC heap after
{Heap after GC invocations=51 (full 0):
 garbage-first heap   total 256000K, used 146372K [0x0000000080000000, 0x0000000100000000)
  region size 1024K, 2 young (2048K), 2 survivors (2048K)
 Metaspace       used 131379K, capacity 136195K, committed 136360K, reserved 1167360K
  class space    used 16896K, capacity 18840K, committed 18904K, reserved 1048576K
}
Event: 213.316 GC heap before
{Heap before GC invocations=51 (full 0):
 garbage-first heap   total 256000K, used 248772K [0x0000000080000000, 0x0000000100000000)
  region size 1024K, 63 young (64512K), 2 survivors (2048K)
 Metaspace       used 135177K, capacity 140093K, committed 140328K, reserved 1171456K
  class space    used 17261K, capacity 19235K, committed 19288K, reserved 1048576K
}
Event: 213.321 GC heap after
{Heap after GC invocations=52 (full 0):
 garbage-first heap   total 260096K, used 172102K [0x0000000080000000, 0x0000000100000000)
  region size 1024K, 8 young (8192K), 8 survivors (8192K)
 Metaspace       used 135177K, capacity 140093K, committed 140328K, reserved 1171456K
  class space    used 17261K, capacity 19235K, committed 19288K, reserved 1048576K
}
Event: 213.467 GC heap before
{Heap before GC invocations=52 (full 0):
 garbage-first heap   total 260096K, used 217158K [0x0000000080000000, 0x0000000100000000)
  region size 1024K, 51 young (52224K), 8 survivors (8192K)
 Metaspace       used 137213K, capacity 142262K, committed 142504K, reserved 1171456K
  class space    used 17574K, capacity 19596K, committed 19672K, reserved 1048576K
}
Event: 213.483 GC heap after
{Heap after GC invocations=53 (full 0):
 garbage-first heap   total 260096K, used 189574K [0x0000000080000000, 0x0000000100000000)
  region size 1024K, 7 young (7168K), 7 survivors (7168K)
 Metaspace       used 137213K, capacity 142262K, committed 142504K, reserved 1171456K
  class space    used 17574K, capacity 19596K, committed 19672K, reserved 1048576K
}
Event: 213.576 GC heap before
{Heap before GC invocations=53 (full 0):
 garbage-first heap   total 260096K, used 216198K [0x0000000080000000, 0x0000000100000000)
  region size 1024K, 33 young (33792K), 7 survivors (7168K)
 Metaspace       used 138918K, capacity 143979K, committed 144296K, reserved 1173504K
  class space    used 17736K, capacity 19781K, committed 19928K, reserved 1048576K
}
Event: 213.588 GC heap after
{Heap after GC invocations=54 (full 0):
 garbage-first heap   total 260096K, used 201426K [0x0000000080000000, 0x0000000100000000)
  region size 1024K, 5 young (5120K), 5 survivors (5120K)
 Metaspace       used 138918K, capacity 143979K, committed 144296K, reserved 1173504K
  class space    used 17736K, capacity 19781K, committed 19928K, reserved 1048576K
}
Event: 213.620 GC heap before
{Heap before GC invocations=54 (full 0):
 garbage-first heap   total 260096K, used 219858K [0x0000000080000000, 0x0000000100000000)
  region size 1024K, 23 young (23552K), 5 survivors (5120K)
 Metaspace       used 139047K, capacity 144110K, committed 144296K, reserved 1173504K
  class space    used 17743K, capacity 19781K, committed 19928K, reserved 1048576K
}
Event: 213.626 GC heap after
{Heap after GC invocations=55 (full 0):
 garbage-first heap   total 260096K, used 209920K [0x0000000080000000, 0x0000000100000000)
  region size 1024K, 3 young (3072K), 3 survivors (3072K)
 Metaspace       used 139047K, capacity 144110K, committed 144296K, reserved 1173504K
  class space    used 17743K, capacity 19781K, committed 19928K, reserved 1048576K
}
Event: 213.658 GC heap before
{Heap before GC invocations=55 (full 0):
 garbage-first heap   total 260096K, used 222208K [0x0000000080000000, 0x0000000100000000)
  region size 1024K, 15 young (15360K), 3 survivors (3072K)
 Metaspace       used 139147K, capacity 144210K, committed 144552K, reserved 1173504K
  class space    used 17754K, capacity 19814K, committed 19928K, reserved 1048576K
}
Event: 213.663 GC heap after
{Heap after GC invocations=56 (full 0):
 garbage-first heap   total 260096K, used 217474K [0x0000000080000000, 0x0000000100000000)
  region size 1024K, 2 young (2048K), 2 survivors (2048K)
 Metaspace       used 139147K, capacity 144210K, committed 144552K, reserved 1173504K
  class space    used 17754K, capacity 19814K, committed 19928K, reserved 1048576K
}

