# JRE version: OpenJDK Runtime Environment (11.0.13) (build 11.0.13+0-b1751.21-8125866)
# Java VM: OpenJDK 64-Bit Server VM (11.0.13+0-b1751.21-8125866, mixed mode, tiered, compressed oops, g1 gc, windows-amd64)
Heap:
 garbage-first heap   total 376832K, used 255423K [0x0000000080000000, 0x0000000100000000)
  region size 1024K, 39 young (39936K), 9 survivors (9216K)
 Metaspace       used 125873K, capacity 129095K, committed 129276K, reserved 1161216K
  class space    used 15822K, capacity 16984K, committed 17112K, reserved 1048576K
GC Heap History (20 events):
Event: 7.798 GC heap before
{Heap before GC invocations=25 (full 0):
 garbage-first heap   total 212992K, used 177678K [0x0000000080000000, 0x0000000100000000)
  region size 1024K, 82 young (83968K), 10 survivors (10240K)
 Metaspace       used 97380K, capacity 100019K, committed 100392K, reserved 1136640K
  class space    used 12557K, capacity 13538K, committed 13656K, reserved 1048576K
}
Event: 7.805 GC heap after
{Heap after GC invocations=26 (full 0):
 garbage-first heap   total 212992K, used 106067K [0x0000000080000000, 0x0000000100000000)
  region size 1024K, 10 young (10240K), 10 survivors (10240K)
 Metaspace       used 97380K, capacity 100019K, committed 100392K, reserved 1136640K
  class space    used 12557K, capacity 13538K, committed 13656K, reserved 1048576K
}
Event: 7.889 GC heap before
{Heap before GC invocations=26 (full 0):
 garbage-first heap   total 212992K, used 152147K [0x0000000080000000, 0x0000000100000000)
  region size 1024K, 57 young (58368K), 10 survivors (10240K)
 Metaspace       used 98503K, capacity 101120K, committed 101400K, reserved 1136640K
  class space    used 12650K, capacity 13606K, committed 13656K, reserved 1048576K
}
Event: 7.897 GC heap after
{Heap after GC invocations=27 (full 0):
 garbage-first heap   total 256000K, used 110870K [0x0000000080000000, 0x0000000100000000)
  region size 1024K, 5 young (5120K), 5 survivors (5120K)
 Metaspace       used 98503K, capacity 101120K, committed 101400K, reserved 1136640K
  class space    used 12650K, capacity 13606K, committed 13656K, reserved 1048576K
}
Event: 8.224 GC heap before
{Heap before GC invocations=28 (full 0):
 garbage-first heap   total 256000K, used 182550K [0x0000000080000000, 0x0000000100000000)
  region size 1024K, 67 young (68608K), 5 survivors (5120K)
 Metaspace       used 105333K, capacity 107674K, committed 108796K, reserved 1144832K
  class space    used 13268K, capacity 14161K, committed 14552K, reserved 1048576K
}
Event: 8.235 GC heap after
{Heap after GC invocations=29 (full 0):
 garbage-first heap   total 256000K, used 125846K [0x0000000080000000, 0x0000000100000000)
  region size 1024K, 11 young (11264K), 11 survivors (11264K)
 Metaspace       used 105333K, capacity 107674K, committed 108796K, reserved 1144832K
  class space    used 13268K, capacity 14161K, committed 14552K, reserved 1048576K
}
Event: 8.428 GC heap before
{Heap before GC invocations=30 (full 0):
 garbage-first heap   total 256000K, used 200598K [0x0000000080000000, 0x0000000100000000)
  region size 1024K, 56 young (57344K), 11 survivors (11264K)
 Metaspace       used 107558K, capacity 109865K, committed 110844K, reserved 1144832K
  class space    used 13534K, capacity 14423K, committed 14808K, reserved 1048576K
}
Event: 8.459 GC heap after
{Heap after GC invocations=31 (full 0):
 garbage-first heap   total 256000K, used 152367K [0x0000000080000000, 0x0000000100000000)
  region size 1024K, 11 young (11264K), 11 survivors (11264K)
 Metaspace       used 107558K, capacity 109865K, committed 110844K, reserved 1144832K
  class space    used 13534K, capacity 14423K, committed 14808K, reserved 1048576K
}
Event: 8.656 GC heap before
{Heap before GC invocations=32 (full 0):
 garbage-first heap   total 256000K, used 205615K [0x0000000080000000, 0x0000000100000000)
  region size 1024K, 63 young (64512K), 11 survivors (11264K)
 Metaspace       used 112331K, capacity 114748K, committed 115452K, reserved 1148928K
  class space    used 14227K, capacity 15164K, committed 15320K, reserved 1048576K
}
Event: 8.674 GC heap after
{Heap after GC invocations=33 (full 0):
 garbage-first heap   total 256000K, used 171756K [0x0000000080000000, 0x0000000100000000)
  region size 1024K, 8 young (8192K), 8 survivors (8192K)
 Metaspace       used 112331K, capacity 114748K, committed 115452K, reserved 1148928K
  class space    used 14227K, capacity 15164K, committed 15320K, reserved 1048576K
}
Event: 8.757 GC heap before
{Heap before GC invocations=33 (full 0):
 garbage-first heap   total 256000K, used 205548K [0x0000000080000000, 0x0000000100000000)
  region size 1024K, 42 young (43008K), 8 survivors (8192K)
 Metaspace       used 113533K, capacity 116037K, committed 116604K, reserved 1150976K
  class space    used 14338K, capacity 15273K, committed 15448K, reserved 1048576K
}
Event: 8.776 GC heap after
{Heap after GC invocations=34 (full 0):
 garbage-first heap   total 376832K, used 188987K [0x0000000080000000, 0x0000000100000000)
  region size 1024K, 6 young (6144K), 6 survivors (6144K)
 Metaspace       used 113533K, capacity 116037K, committed 116604K, reserved 1150976K
  class space    used 14338K, capacity 15273K, committed 15448K, reserved 1048576K
}
Event: 8.945 GC heap before
{Heap before GC invocations=35 (full 0):
 garbage-first heap   total 376832K, used 245307K [0x0000000080000000, 0x0000000100000000)
  region size 1024K, 59 young (60416K), 6 survivors (6144K)
 Metaspace       used 116548K, capacity 119096K, committed 119548K, reserved 1153024K
  class space    used 14734K, capacity 15685K, committed 15832K, reserved 1048576K
}
Event: 8.962 GC heap after
{Heap after GC invocations=36 (full 0):
 garbage-first heap   total 376832K, used 217427K [0x0000000080000000, 0x0000000100000000)
  region size 1024K, 10 young (10240K), 10 survivors (10240K)
 Metaspace       used 116548K, capacity 119096K, committed 119548K, reserved 1153024K
  class space    used 14734K, capacity 15685K, committed 15832K, reserved 1048576K
}
Event: 9.251 GC heap before
{Heap before GC invocations=37 (full 0):
 garbage-first heap   total 376832K, used 261459K [0x0000000080000000, 0x0000000100000000)
  region size 1024K, 66 young (67584K), 10 survivors (10240K)
 Metaspace       used 121456K, capacity 124187K, committed 124284K, reserved 1157120K
  class space    used 15394K, capacity 16444K, committed 16472K, reserved 1048576K
}
Event: 9.260 GC heap after
{Heap after GC invocations=38 (full 0):
 garbage-first heap   total 376832K, used 209259K [0x0000000080000000, 0x0000000100000000)
  region size 1024K, 5 young (5120K), 5 survivors (5120K)
 Metaspace       used 121456K, capacity 124187K, committed 124284K, reserved 1157120K
  class space    used 15394K, capacity 16444K, committed 16472K, reserved 1048576K
}
Event: 9.317 GC heap before
{Heap before GC invocations=38 (full 0):
 garbage-first heap   total 376832K, used 221547K [0x0000000080000000, 0x0000000100000000)
  region size 1024K, 18 young (18432K), 5 survivors (5120K)
 Metaspace       used 121873K, capacity 124627K, committed 124924K, reserved 1157120K
  class space    used 15448K, capacity 16502K, committed 16600K, reserved 1048576K
}
Event: 9.321 GC heap after
{Heap after GC invocations=39 (full 0):
 garbage-first heap   total 376832K, used 210282K [0x0000000080000000, 0x0000000100000000)
  region size 1024K, 6 young (6144K), 6 survivors (6144K)
 Metaspace       used 121873K, capacity 124627K, committed 124924K, reserved 1157120K
  class space    used 15448K, capacity 16502K, committed 16600K, reserved 1048576K
}
Event: 9.545 GC heap before
{Heap before GC invocations=40 (full 0):
 garbage-first heap   total 376832K, used 274794K [0x0000000080000000, 0x0000000100000000)
  region size 1024K, 67 young (68608K), 6 survivors (6144K)
 Metaspace       used 123732K, capacity 126694K, committed 126972K, reserved 1159168K
  class space    used 15614K, capacity 16714K, committed 16856K, reserved 1048576K
}
Event: 9.555 GC heap after
{Heap after GC invocations=41 (full 0):
 garbage-first heap   total 376832K, used 219583K [0x0000000080000000, 0x0000000100000000)
  region size 1024K, 9 young (9216K), 9 survivors (9216K)
 Metaspace       used 123732K, capacity 126694K, committed 126972K, reserved 1159168K
  class space    used 15614K, capacity 16714K, committed 16856K, reserved 1048576K
}

