# JRE version: OpenJDK Runtime Environment (11.0.13) (build 11.0.13+0-b1751.21-8125866)
# Java VM: OpenJDK 64-Bit Server VM (11.0.13+0-b1751.21-8125866, mixed mode, tiered, compressed oops, g1 gc, windows-amd64)
Heap:
 garbage-first heap   total 256000K, used 193896K [0x0000000080000000, 0x0000000100000000)
  region size 1024K, 70 young (71680K), 11 survivors (11264K)
 Metaspace       used 118644K, capacity 122088K, committed 122408K, reserved 1155072K
  class space    used 15036K, capacity 16372K, committed 16472K, reserved 1048576K
GC Heap History (20 events):
Event: 7.957 GC heap before
{Heap before GC invocations=25 (full 0):
 garbage-first heap   total 212992K, used 165672K [0x0000000080000000, 0x0000000100000000)
  region size 1024K, 47 young (48128K), 9 survivors (9216K)
 Metaspace       used 93483K, capacity 96074K, committed 96296K, reserved 1132544K
  class space    used 12081K, capacity 13044K, committed 13144K, reserved 1048576K
}
Event: 7.962 GC heap after
{Heap after GC invocations=26 (full 0):
 garbage-first heap   total 212992K, used 108499K [0x0000000080000000, 0x0000000100000000)
  region size 1024K, 3 young (3072K), 3 survivors (3072K)
 Metaspace       used 93483K, capacity 96074K, committed 96296K, reserved 1132544K
  class space    used 12081K, capacity 13044K, committed 13144K, reserved 1048576K
}
Event: 8.099 GC heap before
{Heap before GC invocations=26 (full 0):
 garbage-first heap   total 212992K, used 152531K [0x0000000080000000, 0x0000000100000000)
  region size 1024K, 47 young (48128K), 3 survivors (3072K)
 Metaspace       used 93856K, capacity 96401K, committed 96552K, reserved 1132544K
  class space    used 12098K, capacity 13053K, committed 13144K, reserved 1048576K
}
Event: 8.104 GC heap after
{Heap after GC invocations=27 (full 0):
 garbage-first heap   total 212992K, used 111062K [0x0000000080000000, 0x0000000100000000)
  region size 1024K, 6 young (6144K), 6 survivors (6144K)
 Metaspace       used 93856K, capacity 96401K, committed 96552K, reserved 1132544K
  class space    used 12098K, capacity 13053K, committed 13144K, reserved 1048576K
}
Event: 8.282 GC heap before
{Heap before GC invocations=28 (full 0):
 garbage-first heap   total 212992K, used 150812K [0x0000000080000000, 0x0000000100000000)
  region size 1024K, 52 young (53248K), 6 survivors (6144K)
 Metaspace       used 94369K, capacity 96632K, committed 97320K, reserved 1134592K
  class space    used 12052K, capacity 12908K, committed 13144K, reserved 1048576K
}
Event: 8.287 GC heap after
{Heap after GC invocations=29 (full 0):
 garbage-first heap   total 212992K, used 107833K [0x0000000080000000, 0x0000000100000000)
  region size 1024K, 7 young (7168K), 7 survivors (7168K)
 Metaspace       used 94369K, capacity 96632K, committed 97320K, reserved 1134592K
  class space    used 12052K, capacity 12908K, committed 13144K, reserved 1048576K
}
Event: 8.293 GC heap before
{Heap before GC invocations=29 (full 0):
 garbage-first heap   total 212992K, used 110905K [0x0000000080000000, 0x0000000100000000)
  region size 1024K, 10 young (10240K), 7 survivors (7168K)
 Metaspace       used 94430K, capacity 96702K, committed 97320K, reserved 1134592K
  class space    used 12057K, capacity 12909K, committed 13144K, reserved 1048576K
}
Event: 8.296 GC heap after
{Heap after GC invocations=30 (full 0):
 garbage-first heap   total 212992K, used 102341K [0x0000000080000000, 0x0000000100000000)
  region size 1024K, 2 young (2048K), 2 survivors (2048K)
 Metaspace       used 94430K, capacity 96702K, committed 97320K, reserved 1134592K
  class space    used 12057K, capacity 12909K, committed 13144K, reserved 1048576K
}
Event: 8.432 GC heap before
{Heap before GC invocations=30 (full 0):
 garbage-first heap   total 212992K, used 157637K [0x0000000080000000, 0x0000000100000000)
  region size 1024K, 57 young (58368K), 2 survivors (2048K)
 Metaspace       used 95639K, capacity 97978K, committed 98856K, reserved 1134592K
  class space    used 12215K, capacity 13069K, committed 13400K, reserved 1048576K
}
Event: 8.436 GC heap after
{Heap after GC invocations=31 (full 0):
 garbage-first heap   total 212992K, used 103815K [0x0000000080000000, 0x0000000100000000)
  region size 1024K, 3 young (3072K), 3 survivors (3072K)
 Metaspace       used 95639K, capacity 97978K, committed 98856K, reserved 1134592K
  class space    used 12215K, capacity 13069K, committed 13400K, reserved 1048576K
}
Event: 11.348 GC heap before
{Heap before GC invocations=32 (full 0):
 garbage-first heap   total 212992K, used 162183K [0x0000000080000000, 0x0000000100000000)
  region size 1024K, 61 young (62464K), 3 survivors (3072K)
 Metaspace       used 98399K, capacity 100744K, committed 101416K, reserved 1136640K
  class space    used 12539K, capacity 13439K, committed 13656K, reserved 1048576K
}
Event: 11.355 GC heap after
{Heap after GC invocations=33 (full 0):
 garbage-first heap   total 256000K, used 111412K [0x0000000080000000, 0x0000000100000000)
  region size 1024K, 8 young (8192K), 8 survivors (8192K)
 Metaspace       used 98399K, capacity 100744K, committed 101416K, reserved 1136640K
  class space    used 12539K, capacity 13439K, committed 13656K, reserved 1048576K
}
Event: 11.689 GC heap before
{Heap before GC invocations=33 (full 0):
 garbage-first heap   total 256000K, used 189236K [0x0000000080000000, 0x0000000100000000)
  region size 1024K, 85 young (87040K), 8 survivors (8192K)
 Metaspace       used 101081K, capacity 103508K, committed 104104K, reserved 1138688K
  class space    used 12843K, capacity 13740K, committed 14040K, reserved 1048576K
}
Event: 11.694 GC heap after
{Heap after GC invocations=34 (full 0):
 garbage-first heap   total 256000K, used 114370K [0x0000000080000000, 0x0000000100000000)
  region size 1024K, 5 young (5120K), 5 survivors (5120K)
 Metaspace       used 101081K, capacity 103508K, committed 104104K, reserved 1138688K
  class space    used 12843K, capacity 13740K, committed 14040K, reserved 1048576K
}
Event: 15.520 GC heap before
{Heap before GC invocations=34 (full 0):
 garbage-first heap   total 256000K, used 192194K [0x0000000080000000, 0x0000000100000000)
  region size 1024K, 82 young (83968K), 5 survivors (5120K)
 Metaspace       used 104908K, capacity 107595K, committed 107816K, reserved 1142784K
  class space    used 13355K, capacity 14334K, committed 14424K, reserved 1048576K
}
Event: 15.525 GC heap after
{Heap after GC invocations=35 (full 0):
 garbage-first heap   total 256000K, used 118283K [0x0000000080000000, 0x0000000100000000)
  region size 1024K, 9 young (9216K), 9 survivors (9216K)
 Metaspace       used 104908K, capacity 107595K, committed 107816K, reserved 1142784K
  class space    used 13355K, capacity 14334K, committed 14424K, reserved 1048576K
}
Event: 15.856 GC heap before
{Heap before GC invocations=35 (full 0):
 garbage-first heap   total 256000K, used 179723K [0x0000000080000000, 0x0000000100000000)
  region size 1024K, 67 young (68608K), 9 survivors (9216K)
 Metaspace       used 106263K, capacity 108915K, committed 109224K, reserved 1144832K
  class space    used 13487K, capacity 14448K, committed 14552K, reserved 1048576K
}
Event: 15.864 GC heap after
{Heap after GC invocations=36 (full 0):
 garbage-first heap   total 256000K, used 123361K [0x0000000080000000, 0x0000000100000000)
  region size 1024K, 10 young (10240K), 10 survivors (10240K)
 Metaspace       used 106263K, capacity 108915K, committed 109224K, reserved 1144832K
  class space    used 13487K, capacity 14448K, committed 14552K, reserved 1048576K
}
Event: 16.068 GC heap before
{Heap before GC invocations=37 (full 0):
 garbage-first heap   total 256000K, used 165345K [0x0000000080000000, 0x0000000100000000)
  region size 1024K, 44 young (45056K), 10 survivors (10240K)
 Metaspace       used 109501K, capacity 112305K, committed 112424K, reserved 1146880K
  class space    used 13873K, capacity 14882K, committed 14936K, reserved 1048576K
}
Event: 16.074 GC heap after
{Heap after GC invocations=38 (full 0):
 garbage-first heap   total 256000K, used 134504K [0x0000000080000000, 0x0000000100000000)
  region size 1024K, 11 young (11264K), 11 survivors (11264K)
 Metaspace       used 109501K, capacity 112305K, committed 112424K, reserved 1146880K
  class space    used 13873K, capacity 14882K, committed 14936K, reserved 1048576K
}

