# JRE version: OpenJDK Runtime Environment (11.0.13) (build 11.0.13+0-b1751.21-8125866)
# Java VM: OpenJDK 64-Bit Server VM (11.0.13+0-b1751.21-8125866, mixed mode, tiered, compressed oops, g1 gc, windows-amd64)
Heap:
 garbage-first heap   total 212992K, used 84069K [0x0000000080000000, 0x0000000100000000)
  region size 1024K, 9 young (9216K), 9 survivors (9216K)
 Metaspace       used 88178K, capacity 90566K, committed 90792K, reserved 1128448K
  class space    used 11525K, capacity 12442K, committed 12504K, reserved 1048576K
GC Heap History (20 events):
Event: 3.359 GC heap after
{Heap after GC invocations=11 (full 0):
 garbage-first heap   total 147456K, used 34084K [0x0000000080000000, 0x0000000100000000)
  region size 1024K, 7 young (7168K), 7 survivors (7168K)
 Metaspace       used 48692K, capacity 50036K, committed 50256K, reserved 1093632K
  class space    used 6162K, capacity 6678K, committed 6784K, reserved 1048576K
}
Event: 4.186 GC heap before
{Heap before GC invocations=11 (full 0):
 garbage-first heap   total 147456K, used 117028K [0x0000000080000000, 0x0000000100000000)
  region size 1024K, 80 young (81920K), 7 survivors (7168K)
 Metaspace       used 57040K, capacity 58546K, committed 58704K, reserved 1099776K
  class space    used 7180K, capacity 7726K, committed 7808K, reserved 1048576K
}
Event: 4.191 GC heap after
{Heap after GC invocations=12 (full 0):
 garbage-first heap   total 147456K, used 50487K [0x0000000080000000, 0x0000000100000000)
  region size 1024K, 10 young (10240K), 10 survivors (10240K)
 Metaspace       used 57040K, capacity 58546K, committed 58704K, reserved 1099776K
  class space    used 7180K, capacity 7726K, committed 7808K, reserved 1048576K
}
Event: 4.319 GC heap before
{Heap before GC invocations=12 (full 0):
 garbage-first heap   total 147456K, used 60727K [0x0000000080000000, 0x0000000100000000)
  region size 1024K, 21 young (21504K), 10 survivors (10240K)
 Metaspace       used 58844K, capacity 60434K, committed 60496K, reserved 1101824K
  class space    used 7434K, capacity 8038K, committed 8064K, reserved 1048576K
}
Event: 4.326 GC heap after
{Heap after GC invocations=13 (full 0):
 garbage-first heap   total 177152K, used 52363K [0x0000000080000000, 0x0000000100000000)
  region size 1024K, 2 young (2048K), 2 survivors (2048K)
 Metaspace       used 58844K, capacity 60434K, committed 60496K, reserved 1101824K
  class space    used 7434K, capacity 8038K, committed 8064K, reserved 1048576K
}
Event: 4.671 GC heap before
{Heap before GC invocations=14 (full 0):
 garbage-first heap   total 177152K, used 111755K [0x0000000080000000, 0x0000000100000000)
  region size 1024K, 54 young (55296K), 2 survivors (2048K)
 Metaspace       used 63037K, capacity 64692K, committed 64936K, reserved 1105920K
  class space    used 7938K, capacity 8554K, committed 8664K, reserved 1048576K
}
Event: 4.673 GC heap after
{Heap after GC invocations=15 (full 0):
 garbage-first heap   total 177152K, used 56321K [0x0000000080000000, 0x0000000100000000)
  region size 1024K, 6 young (6144K), 6 survivors (6144K)
 Metaspace       used 63037K, capacity 64692K, committed 64936K, reserved 1105920K
  class space    used 7938K, capacity 8554K, committed 8664K, reserved 1048576K
}
Event: 5.071 GC heap before
{Heap before GC invocations=15 (full 0):
 garbage-first heap   total 177152K, used 112641K [0x0000000080000000, 0x0000000100000000)
  region size 1024K, 61 young (62464K), 6 survivors (6144K)
 Metaspace       used 67655K, capacity 69295K, committed 69544K, reserved 1110016K
  class space    used 8520K, capacity 9138K, committed 9176K, reserved 1048576K
}
Event: 5.074 GC heap after
{Heap after GC invocations=16 (full 0):
 garbage-first heap   total 177152K, used 59886K [0x0000000080000000, 0x0000000100000000)
  region size 1024K, 4 young (4096K), 4 survivors (4096K)
 Metaspace       used 67655K, capacity 69295K, committed 69544K, reserved 1110016K
  class space    used 8520K, capacity 9138K, committed 9176K, reserved 1048576K
}
Event: 5.301 GC heap before
{Heap before GC invocations=16 (full 0):
 garbage-first heap   total 177152K, used 118254K [0x0000000080000000, 0x0000000100000000)
  region size 1024K, 61 young (62464K), 4 survivors (4096K)
 Metaspace       used 68706K, capacity 70390K, committed 70568K, reserved 1110016K
  class space    used 8642K, capacity 9287K, committed 9432K, reserved 1048576K
}
Event: 5.305 GC heap after
{Heap after GC invocations=17 (full 0):
 garbage-first heap   total 177152K, used 63584K [0x0000000080000000, 0x0000000100000000)
  region size 1024K, 8 young (8192K), 8 survivors (8192K)
 Metaspace       used 68706K, capacity 70390K, committed 70568K, reserved 1110016K
  class space    used 8642K, capacity 9287K, committed 9432K, reserved 1048576K
}
Event: 5.788 GC heap before
{Heap before GC invocations=17 (full 0):
 garbage-first heap   total 177152K, used 122976K [0x0000000080000000, 0x0000000100000000)
  region size 1024K, 66 young (67584K), 8 survivors (8192K)
 Metaspace       used 74519K, capacity 76273K, committed 76584K, reserved 1116160K
  class space    used 9574K, capacity 10235K, committed 10328K, reserved 1048576K
}
Event: 5.792 GC heap after
{Heap after GC invocations=18 (full 0):
 garbage-first heap   total 177152K, used 67615K [0x0000000080000000, 0x0000000100000000)
  region size 1024K, 8 young (8192K), 8 survivors (8192K)
 Metaspace       used 74519K, capacity 76273K, committed 76584K, reserved 1116160K
  class space    used 9574K, capacity 10235K, committed 10328K, reserved 1048576K
}
Event: 6.126 GC heap before
{Heap before GC invocations=18 (full 0):
 garbage-first heap   total 177152K, used 128031K [0x0000000080000000, 0x0000000100000000)
  region size 1024K, 67 young (68608K), 8 survivors (8192K)
 Metaspace       used 77535K, capacity 79399K, committed 79656K, reserved 1118208K
  class space    used 10008K, capacity 10710K, committed 10840K, reserved 1048576K
}
Event: 6.133 GC heap after
{Heap after GC invocations=19 (full 0):
 garbage-first heap   total 177152K, used 71778K [0x0000000080000000, 0x0000000100000000)
  region size 1024K, 8 young (8192K), 8 survivors (8192K)
 Metaspace       used 77535K, capacity 79399K, committed 79656K, reserved 1118208K
  class space    used 10008K, capacity 10710K, committed 10840K, reserved 1048576K
}
Event: 6.571 GC heap before
{Heap before GC invocations=19 (full 0):
 garbage-first heap   total 177152K, used 132194K [0x0000000080000000, 0x0000000100000000)
  region size 1024K, 67 young (68608K), 8 survivors (8192K)
 Metaspace       used 83131K, capacity 85024K, committed 85160K, reserved 1122304K
  class space    used 10765K, capacity 11459K, committed 11480K, reserved 1048576K
}
Event: 6.577 GC heap after
{Heap after GC invocations=20 (full 0):
 garbage-first heap   total 177152K, used 75848K [0x0000000080000000, 0x0000000100000000)
  region size 1024K, 8 young (8192K), 8 survivors (8192K)
 Metaspace       used 83131K, capacity 85024K, committed 85160K, reserved 1122304K
  class space    used 10765K, capacity 11459K, committed 11480K, reserved 1048576K
}
Event: 7.144 GC heap before
{Heap before GC invocations=20 (full 0):
 garbage-first heap   total 177152K, used 135240K [0x0000000080000000, 0x0000000100000000)
  region size 1024K, 66 young (67584K), 8 survivors (8192K)
 Metaspace       used 87369K, capacity 89492K, committed 89768K, reserved 1126400K
  class space    used 11391K, capacity 12194K, committed 12248K, reserved 1048576K
}
Event: 7.151 GC heap after
{Heap after GC invocations=21 (full 0):
 garbage-first heap   total 177152K, used 80537K [0x0000000080000000, 0x0000000100000000)
  region size 1024K, 9 young (9216K), 9 survivors (9216K)
 Metaspace       used 87369K, capacity 89492K, committed 89768K, reserved 1126400K
  class space    used 11391K, capacity 12194K, committed 12248K, reserved 1048576K
}
Event: 7.325 GC heap before
{Heap before GC invocations=21 (full 0):
 garbage-first heap   total 177152K, used 137881K [0x0000000080000000, 0x0000000100000000)
  region size 1024K, 66 young (67584K), 9 survivors (9216K)
 Metaspace       used 88178K, capacity 90566K, committed 90792K, reserved 1128448K
  class space    used 11525K, capacity 12442K, committed 12504K, reserved 1048576K
}

