# JRE version: OpenJDK Runtime Environment (11.0.13) (build 11.0.13+0-b1751.21-8125866)
# Java VM: OpenJDK 64-Bit Server VM (11.0.13+0-b1751.21-8125866, mixed mode, tiered, compressed oops, g1 gc, windows-amd64)
Heap:
 garbage-first heap   total 212992K, used 133989K [0x0000000080000000, 0x0000000100000000)
  region size 1024K, 59 young (60416K), 11 survivors (11264K)
 Metaspace       used 90529K, capacity 93121K, committed 93224K, reserved 1130496K
  class space    used 11802K, capacity 12808K, committed 12888K, reserved 1048576K
GC Heap History (20 events):
Event: 2.994 GC heap before
{Heap before GC invocations=10 (full 0):
 garbage-first heap   total 147456K, used 96517K [0x0000000080000000, 0x0000000100000000)
  region size 1024K, 73 young (74752K), 8 survivors (8192K)
 Metaspace       used 48285K, capacity 49629K, committed 49872K, reserved 1093632K
  class space    used 6136K, capacity 6631K, committed 6656K, reserved 1048576K
}
Event: 2.999 GC heap after
{Heap after GC invocations=11 (full 0):
 garbage-first heap   total 147456K, used 32434K [0x0000000080000000, 0x0000000100000000)
  region size 1024K, 6 young (6144K), 6 survivors (6144K)
 Metaspace       used 48285K, capacity 49629K, committed 49872K, reserved 1093632K
  class space    used 6136K, capacity 6631K, committed 6656K, reserved 1048576K
}
Event: 3.390 GC heap before
{Heap before GC invocations=11 (full 0):
 garbage-first heap   total 147456K, used 110258K [0x0000000080000000, 0x0000000100000000)
  region size 1024K, 74 young (75776K), 6 survivors (6144K)
 Metaspace       used 52880K, capacity 54375K, committed 54608K, reserved 1097728K
  class space    used 6694K, capacity 7237K, committed 7296K, reserved 1048576K
}
Event: 3.396 GC heap after
{Heap after GC invocations=12 (full 0):
 garbage-first heap   total 147456K, used 50449K [0x0000000080000000, 0x0000000100000000)
  region size 1024K, 10 young (10240K), 10 survivors (10240K)
 Metaspace       used 52880K, capacity 54375K, committed 54608K, reserved 1097728K
  class space    used 6694K, capacity 7237K, committed 7296K, reserved 1048576K
}
Event: 3.701 GC heap before
{Heap before GC invocations=12 (full 0):
 garbage-first heap   total 147456K, used 89361K [0x0000000080000000, 0x0000000100000000)
  region size 1024K, 49 young (50176K), 10 survivors (10240K)
 Metaspace       used 58807K, capacity 60410K, committed 60496K, reserved 1101824K
  class space    used 7436K, capacity 8031K, committed 8064K, reserved 1048576K
}
Event: 3.708 GC heap after
{Heap after GC invocations=13 (full 0):
 garbage-first heap   total 177152K, used 52153K [0x0000000080000000, 0x0000000100000000)
  region size 1024K, 2 young (2048K), 2 survivors (2048K)
 Metaspace       used 58807K, capacity 60410K, committed 60496K, reserved 1101824K
  class space    used 7436K, capacity 8031K, committed 8064K, reserved 1048576K
}
Event: 4.089 GC heap before
{Heap before GC invocations=14 (full 0):
 garbage-first heap   total 177152K, used 122809K [0x0000000080000000, 0x0000000100000000)
  region size 1024K, 64 young (65536K), 2 survivors (2048K)
 Metaspace       used 63503K, capacity 65110K, committed 65192K, reserved 1105920K
  class space    used 8006K, capacity 8628K, committed 8664K, reserved 1048576K
}
Event: 4.093 GC heap after
{Heap after GC invocations=15 (full 0):
 garbage-first heap   total 177152K, used 57698K [0x0000000080000000, 0x0000000100000000)
  region size 1024K, 8 young (8192K), 8 survivors (8192K)
 Metaspace       used 63503K, capacity 65110K, committed 65192K, reserved 1105920K
  class space    used 8006K, capacity 8628K, committed 8664K, reserved 1048576K
}
Event: 4.484 GC heap before
{Heap before GC invocations=15 (full 0):
 garbage-first heap   total 177152K, used 122210K [0x0000000080000000, 0x0000000100000000)
  region size 1024K, 70 young (71680K), 8 survivors (8192K)
 Metaspace       used 67977K, capacity 69678K, committed 69928K, reserved 1110016K
  class space    used 8593K, capacity 9221K, committed 9304K, reserved 1048576K
}
Event: 4.489 GC heap after
{Heap after GC invocations=16 (full 0):
 garbage-first heap   total 177152K, used 61748K [0x0000000080000000, 0x0000000100000000)
  region size 1024K, 5 young (5120K), 5 survivors (5120K)
 Metaspace       used 67977K, capacity 69678K, committed 69928K, reserved 1110016K
  class space    used 8593K, capacity 9221K, committed 9304K, reserved 1048576K
}
Event: 4.824 GC heap before
{Heap before GC invocations=16 (full 0):
 garbage-first heap   total 177152K, used 125236K [0x0000000080000000, 0x0000000100000000)
  region size 1024K, 67 young (68608K), 5 survivors (5120K)
 Metaspace       used 71683K, capacity 73429K, committed 73640K, reserved 1114112K
  class space    used 9166K, capacity 9810K, committed 9944K, reserved 1048576K
}
Event: 4.828 GC heap after
{Heap after GC invocations=17 (full 0):
 garbage-first heap   total 177152K, used 65101K [0x0000000080000000, 0x0000000100000000)
  region size 1024K, 8 young (8192K), 8 survivors (8192K)
 Metaspace       used 71683K, capacity 73429K, committed 73640K, reserved 1114112K
  class space    used 9166K, capacity 9810K, committed 9944K, reserved 1048576K
}
Event: 5.133 GC heap before
{Heap before GC invocations=17 (full 0):
 garbage-first heap   total 177152K, used 129613K [0x0000000080000000, 0x0000000100000000)
  region size 1024K, 71 young (72704K), 8 survivors (8192K)
 Metaspace       used 75230K, capacity 77028K, committed 77224K, reserved 1116160K
  class space    used 9706K, capacity 10358K, committed 10456K, reserved 1048576K
}
Event: 5.137 GC heap after
{Heap after GC invocations=18 (full 0):
 garbage-first heap   total 177152K, used 69716K [0x0000000080000000, 0x0000000100000000)
  region size 1024K, 9 young (9216K), 9 survivors (9216K)
 Metaspace       used 75230K, capacity 77028K, committed 77224K, reserved 1116160K
  class space    used 9706K, capacity 10358K, committed 10456K, reserved 1048576K
}
Event: 5.589 GC heap before
{Heap before GC invocations=18 (full 0):
 garbage-first heap   total 177152K, used 134228K [0x0000000080000000, 0x0000000100000000)
  region size 1024K, 72 young (73728K), 9 survivors (9216K)
 Metaspace       used 80425K, capacity 82371K, committed 82600K, reserved 1120256K
  class space    used 10446K, capacity 11184K, committed 11224K, reserved 1048576K
}
Event: 5.595 GC heap after
{Heap after GC invocations=19 (full 0):
 garbage-first heap   total 177152K, used 73862K [0x0000000080000000, 0x0000000100000000)
  region size 1024K, 9 young (9216K), 9 survivors (9216K)
 Metaspace       used 80425K, capacity 82371K, committed 82600K, reserved 1120256K
  class space    used 10446K, capacity 11184K, committed 11224K, reserved 1048576K
}
Event: 6.054 GC heap before
{Heap before GC invocations=19 (full 0):
 garbage-first heap   total 177152K, used 137350K [0x0000000080000000, 0x0000000100000000)
  region size 1024K, 71 young (72704K), 9 survivors (9216K)
 Metaspace       used 85882K, capacity 87962K, committed 88232K, reserved 1126400K
  class space    used 11185K, capacity 11961K, committed 11992K, reserved 1048576K
}
Event: 6.060 GC heap after
{Heap after GC invocations=20 (full 0):
 garbage-first heap   total 212992K, used 78845K [0x0000000080000000, 0x0000000100000000)
  region size 1024K, 9 young (9216K), 9 survivors (9216K)
 Metaspace       used 85882K, capacity 87962K, committed 88232K, reserved 1126400K
  class space    used 11185K, capacity 11961K, committed 11992K, reserved 1048576K
}
Event: 6.444 GC heap before
{Heap before GC invocations=20 (full 0):
 garbage-first heap   total 212992K, used 160765K [0x0000000080000000, 0x0000000100000000)
  region size 1024K, 90 young (92160K), 9 survivors (9216K)
 Metaspace       used 88351K, capacity 90848K, committed 90920K, reserved 1128448K
  class space    used 11596K, capacity 12565K, committed 12632K, reserved 1048576K
}
Event: 6.451 GC heap after
{Heap after GC invocations=21 (full 0):
 garbage-first heap   total 212992K, used 84837K [0x0000000080000000, 0x0000000100000000)
  region size 1024K, 11 young (11264K), 11 survivors (11264K)
 Metaspace       used 88351K, capacity 90848K, committed 90920K, reserved 1128448K
  class space    used 11596K, capacity 12565K, committed 12632K, reserved 1048576K
}

