# JRE version: OpenJDK Runtime Environment (11.0.13) (build 11.0.13+0-b1751.21-8125866)
# Java VM: OpenJDK 64-Bit Server VM (11.0.13+0-b1751.21-8125866, mixed mode, tiered, compressed oops, g1 gc, windows-amd64)
Heap:
 garbage-first heap   total 332800K, used 171504K [0x0000000080000000, 0x0000000100000000)
  region size 1024K, 8 young (8192K), 8 survivors (8192K)
 Metaspace       used 126460K, capacity 129975K, committed 130128K, reserved 1161216K
  class space    used 16142K, capacity 17487K, committed 17536K, reserved 1048576K
GC Heap History (20 events):
Event: 5.617 GC heap after
{Heap after GC invocations=20 (full 0):
 garbage-first heap   total 177152K, used 76737K [0x0000000080000000, 0x0000000100000000)
  region size 1024K, 9 young (9216K), 9 survivors (9216K)
 Metaspace       used 83198K, capacity 85108K, committed 85200K, reserved 1122304K
  class space    used 10774K, capacity 11463K, committed 11520K, reserved 1048576K
}
Event: 6.024 GC heap before
{Heap before GC invocations=20 (full 0):
 garbage-first heap   total 177152K, used 136129K [0x0000000080000000, 0x0000000100000000)
  region size 1024K, 67 young (68608K), 9 survivors (9216K)
 Metaspace       used 87245K, capacity 89354K, committed 89552K, reserved 1126400K
  class space    used 11380K, capacity 12193K, committed 12288K, reserved 1048576K
}
Event: 6.031 GC heap after
{Heap after GC invocations=21 (full 0):
 garbage-first heap   total 212992K, used 81334K [0x0000000080000000, 0x0000000100000000)
  region size 1024K, 9 young (9216K), 9 survivors (9216K)
 Metaspace       used 87245K, capacity 89354K, committed 89552K, reserved 1126400K
  class space    used 11380K, capacity 12193K, committed 12288K, reserved 1048576K
}
Event: 6.262 GC heap before
{Heap before GC invocations=21 (full 0):
 garbage-first heap   total 212992K, used 159158K [0x0000000080000000, 0x0000000100000000)
  region size 1024K, 86 young (88064K), 9 survivors (9216K)
 Metaspace       used 88483K, capacity 91044K, committed 91216K, reserved 1128448K
  class space    used 11589K, capacity 12561K, committed 12672K, reserved 1048576K
}
Event: 6.271 GC heap after
{Heap after GC invocations=22 (full 0):
 garbage-first heap   total 212992K, used 86535K [0x0000000080000000, 0x0000000100000000)
  region size 1024K, 10 young (10240K), 10 survivors (10240K)
 Metaspace       used 88483K, capacity 91044K, committed 91216K, reserved 1128448K
  class space    used 11589K, capacity 12561K, committed 12672K, reserved 1048576K
}
Event: 6.573 GC heap before
{Heap before GC invocations=22 (full 0):
 garbage-first heap   total 212992K, used 164359K [0x0000000080000000, 0x0000000100000000)
  region size 1024K, 87 young (89088K), 10 survivors (10240K)
 Metaspace       used 89549K, capacity 92129K, committed 92240K, reserved 1128448K
  class space    used 11667K, capacity 12647K, committed 12672K, reserved 1048576K
}
Event: 6.579 GC heap after
{Heap after GC invocations=23 (full 0):
 garbage-first heap   total 212992K, used 92160K [0x0000000080000000, 0x0000000100000000)
  region size 1024K, 11 young (11264K), 11 survivors (11264K)
 Metaspace       used 89549K, capacity 92129K, committed 92240K, reserved 1128448K
  class space    used 11667K, capacity 12647K, committed 12672K, reserved 1048576K
}
Event: 6.988 GC heap before
{Heap before GC invocations=23 (full 0):
 garbage-first heap   total 212992K, used 168960K [0x0000000080000000, 0x0000000100000000)
  region size 1024K, 86 young (88064K), 11 survivors (11264K)
 Metaspace       used 94683K, capacity 97252K, committed 97488K, reserved 1134592K
  class space    used 12309K, capacity 13288K, committed 13312K, reserved 1048576K
}
Event: 6.994 GC heap after
{Heap after GC invocations=24 (full 0):
 garbage-first heap   total 212992K, used 95640K [0x0000000080000000, 0x0000000100000000)
  region size 1024K, 4 young (4096K), 4 survivors (4096K)
 Metaspace       used 94683K, capacity 97252K, committed 97488K, reserved 1134592K
  class space    used 12309K, capacity 13288K, committed 13312K, reserved 1048576K
}
Event: 7.404 GC heap before
{Heap before GC invocations=24 (full 0):
 garbage-first heap   total 212992K, used 170392K [0x0000000080000000, 0x0000000100000000)
  region size 1024K, 78 young (79872K), 4 survivors (4096K)
 Metaspace       used 97229K, capacity 99851K, committed 99920K, reserved 1136640K
  class space    used 12645K, capacity 13631K, committed 13696K, reserved 1048576K
}
Event: 7.410 GC heap after
{Heap after GC invocations=25 (full 0):
 garbage-first heap   total 256000K, used 99596K [0x0000000080000000, 0x0000000100000000)
  region size 1024K, 8 young (8192K), 8 survivors (8192K)
 Metaspace       used 97229K, capacity 99851K, committed 99920K, reserved 1136640K
  class space    used 12645K, capacity 13631K, committed 13696K, reserved 1048576K
}
Event: 10.880 GC heap before
{Heap before GC invocations=25 (full 0):
 garbage-first heap   total 256000K, used 143628K [0x0000000080000000, 0x0000000100000000)
  region size 1024K, 53 young (54272K), 8 survivors (8192K)
 Metaspace       used 98263K, capacity 101108K, committed 101200K, reserved 1136640K
  class space    used 12816K, capacity 13861K, committed 13952K, reserved 1048576K
}
Event: 10.916 GC heap after
{Heap after GC invocations=26 (full 0):
 garbage-first heap   total 256000K, used 101936K [0x0000000080000000, 0x0000000100000000)
  region size 1024K, 7 young (7168K), 7 survivors (7168K)
 Metaspace       used 98263K, capacity 101108K, committed 101200K, reserved 1136640K
  class space    used 12816K, capacity 13861K, committed 13952K, reserved 1048576K
}
Event: 11.705 GC heap before
{Heap before GC invocations=27 (full 0):
 garbage-first heap   total 256000K, used 207408K [0x0000000080000000, 0x0000000100000000)
  region size 1024K, 101 young (103424K), 7 survivors (7168K)
 Metaspace       used 110026K, capacity 112968K, committed 113104K, reserved 1146880K
  class space    used 13958K, capacity 15027K, committed 15104K, reserved 1048576K
}
Event: 11.726 GC heap after
{Heap after GC invocations=28 (full 0):
 garbage-first heap   total 256000K, used 115244K [0x0000000080000000, 0x0000000100000000)
  region size 1024K, 13 young (13312K), 13 survivors (13312K)
 Metaspace       used 110026K, capacity 112968K, committed 113104K, reserved 1146880K
  class space    used 13958K, capacity 15027K, committed 15104K, reserved 1048576K
}
Event: 12.190 GC heap before
{Heap before GC invocations=28 (full 0):
 garbage-first heap   total 256000K, used 202284K [0x0000000080000000, 0x0000000100000000)
  region size 1024K, 88 young (90112K), 13 survivors (13312K)
 Metaspace       used 122760K, capacity 126288K, committed 126544K, reserved 1159168K
  class space    used 15679K, capacity 17008K, committed 17024K, reserved 1048576K
}
Event: 12.212 GC heap after
{Heap after GC invocations=29 (full 0):
 garbage-first heap   total 256000K, used 132479K [0x0000000080000000, 0x0000000100000000)
  region size 1024K, 6 young (6144K), 6 survivors (6144K)
 Metaspace       used 122760K, capacity 126288K, committed 126544K, reserved 1159168K
  class space    used 15679K, capacity 17008K, committed 17024K, reserved 1048576K
}
Event: 12.409 GC heap before
{Heap before GC invocations=30 (full 0):
 garbage-first heap   total 256000K, used 203135K [0x0000000080000000, 0x0000000100000000)
  region size 1024K, 50 young (51200K), 6 survivors (6144K)
 Metaspace       used 124903K, capacity 128418K, committed 128720K, reserved 1161216K
  class space    used 15940K, capacity 17281K, committed 17408K, reserved 1048576K
}
Event: 12.450 GC heap after
{Heap after GC invocations=31 (full 0):
 garbage-first heap   total 256000K, used 155648K [0x0000000080000000, 0x0000000100000000)
  region size 1024K, 11 young (11264K), 11 survivors (11264K)
 Metaspace       used 124903K, capacity 128418K, committed 128720K, reserved 1161216K
  class space    used 15940K, capacity 17281K, committed 17408K, reserved 1048576K
}
Event: 12.655 GC heap before
{Heap before GC invocations=32 (full 0):
 garbage-first heap   total 256000K, used 190464K [0x0000000080000000, 0x0000000100000000)
  region size 1024K, 46 young (47104K), 11 survivors (11264K)
 Metaspace       used 126460K, capacity 129975K, committed 130128K, reserved 1161216K
  class space    used 16142K, capacity 17487K, committed 17536K, reserved 1048576K
}

