# JRE version: OpenJDK Runtime Environment (11.0.13) (build 11.0.13+0-b1751.21-8125866)
# Java VM: OpenJDK 64-Bit Server VM (11.0.13+0-b1751.21-8125866, mixed mode, tiered, compressed oops, g1 gc, windows-amd64)
Heap:
 garbage-first heap   total 307200K, used 162102K [0x0000000080000000, 0x0000000100000000)
  region size 1024K, 8 young (8192K), 8 survivors (8192K)
 Metaspace       used 113321K, capacity 116664K, committed 118184K, reserved 1150976K
  class space    used 14620K, capacity 15980K, committed 16512K, reserved 1048576K
GC Heap History (20 events):
Event: 9.281 GC heap after
{Heap after GC invocations=30 (full 0):
 garbage-first heap   total 256000K, used 119628K [0x0000000080000000, 0x0000000100000000)
  region size 1024K, 8 young (8192K), 8 survivors (8192K)
 Metaspace       used 96029K, capacity 98355K, committed 99240K, reserved 1136640K
  class space    used 12055K, capacity 12908K, committed 13184K, reserved 1048576K
}
Event: 9.290 GC heap before
{Heap before GC invocations=30 (full 0):
 garbage-first heap   total 256000K, used 123724K [0x0000000080000000, 0x0000000100000000)
  region size 1024K, 12 young (12288K), 8 survivors (8192K)
 Metaspace       used 96214K, capacity 98585K, committed 99624K, reserved 1136640K
  class space    used 12068K, capacity 12941K, committed 13312K, reserved 1048576K
}
Event: 9.294 GC heap after
{Heap after GC invocations=31 (full 0):
 garbage-first heap   total 256000K, used 110585K [0x0000000080000000, 0x0000000100000000)
  region size 1024K, 2 young (2048K), 2 survivors (2048K)
 Metaspace       used 96214K, capacity 98585K, committed 99624K, reserved 1136640K
  class space    used 12068K, capacity 12941K, committed 13312K, reserved 1048576K
}
Event: 11.058 GC heap before
{Heap before GC invocations=31 (full 0):
 garbage-first heap   total 256000K, used 177145K [0x0000000080000000, 0x0000000100000000)
  region size 1024K, 68 young (69632K), 2 survivors (2048K)
 Metaspace       used 98523K, capacity 100877K, committed 101800K, reserved 1138688K
  class space    used 12331K, capacity 13183K, committed 13440K, reserved 1048576K
}
Event: 11.062 GC heap after
{Heap after GC invocations=32 (full 0):
 garbage-first heap   total 256000K, used 114395K [0x0000000080000000, 0x0000000100000000)
  region size 1024K, 6 young (6144K), 6 survivors (6144K)
 Metaspace       used 98523K, capacity 100877K, committed 101800K, reserved 1138688K
  class space    used 12331K, capacity 13183K, committed 13440K, reserved 1048576K
}
Event: 12.508 GC heap before
{Heap before GC invocations=32 (full 0):
 garbage-first heap   total 256000K, used 184027K [0x0000000080000000, 0x0000000100000000)
  region size 1024K, 74 young (75776K), 6 survivors (6144K)
 Metaspace       used 102001K, capacity 104368K, committed 105384K, reserved 1140736K
  class space    used 12746K, capacity 13609K, committed 13952K, reserved 1048576K
}
Event: 12.514 GC heap after
{Heap after GC invocations=33 (full 0):
 garbage-first heap   total 256000K, used 118614K [0x0000000080000000, 0x0000000100000000)
  region size 1024K, 9 young (9216K), 9 survivors (9216K)
 Metaspace       used 102001K, capacity 104368K, committed 105384K, reserved 1140736K
  class space    used 12746K, capacity 13609K, committed 13952K, reserved 1048576K
}
Event: 12.732 GC heap before
{Heap before GC invocations=33 (full 0):
 garbage-first heap   total 256000K, used 189270K [0x0000000080000000, 0x0000000100000000)
  region size 1024K, 79 young (80896K), 9 survivors (9216K)
 Metaspace       used 103359K, capacity 105903K, committed 106280K, reserved 1142784K
  class space    used 12965K, capacity 13880K, committed 14080K, reserved 1048576K
}
Event: 12.739 GC heap after
{Heap after GC invocations=34 (full 0):
 garbage-first heap   total 256000K, used 126531K [0x0000000080000000, 0x0000000100000000)
  region size 1024K, 10 young (10240K), 10 survivors (10240K)
 Metaspace       used 103359K, capacity 105903K, committed 106280K, reserved 1142784K
  class space    used 12965K, capacity 13880K, committed 14080K, reserved 1048576K
}
Event: 12.999 GC heap before
{Heap before GC invocations=34 (full 0):
 garbage-first heap   total 256000K, used 195138K [0x0000000080000000, 0x0000000100000000)
  region size 1024K, 78 young (79872K), 10 survivors (10240K)
 Metaspace       used 107570K, capacity 110607K, committed 110888K, reserved 1144832K
  class space    used 13650K, capacity 14803K, committed 14848K, reserved 1048576K
}
Event: 13.008 GC heap after
{Heap after GC invocations=35 (full 0):
 garbage-first heap   total 256000K, used 138240K [0x0000000080000000, 0x0000000100000000)
  region size 1024K, 10 young (10240K), 10 survivors (10240K)
 Metaspace       used 107570K, capacity 110607K, committed 110888K, reserved 1144832K
  class space    used 13650K, capacity 14803K, committed 14848K, reserved 1048576K
}
Event: 13.128 GC heap before
{Heap before GC invocations=36 (full 0):
 garbage-first heap   total 256000K, used 198656K [0x0000000080000000, 0x0000000100000000)
  region size 1024K, 71 young (72704K), 10 survivors (10240K)
 Metaspace       used 109710K, capacity 112876K, committed 113064K, reserved 1146880K
  class space    used 13953K, capacity 15159K, committed 15232K, reserved 1048576K
}
Event: 13.138 GC heap after
{Heap after GC invocations=37 (full 0):
 garbage-first heap   total 256000K, used 146979K [0x0000000080000000, 0x0000000100000000)
  region size 1024K, 9 young (9216K), 9 survivors (9216K)
 Metaspace       used 109710K, capacity 112876K, committed 113064K, reserved 1146880K
  class space    used 13953K, capacity 15159K, committed 15232K, reserved 1048576K
}
Event: 13.143 GC heap before
{Heap before GC invocations=37 (full 0):
 garbage-first heap   total 256000K, used 150051K [0x0000000080000000, 0x0000000100000000)
  region size 1024K, 12 young (12288K), 9 survivors (9216K)
 Metaspace       used 109847K, capacity 113080K, committed 113192K, reserved 1146880K
  class space    used 14003K, capacity 15253K, committed 15360K, reserved 1048576K
}
Event: 13.148 GC heap after
{Heap after GC invocations=38 (full 0):
 garbage-first heap   total 256000K, used 132839K [0x0000000080000000, 0x0000000100000000)
  region size 1024K, 2 young (2048K), 2 survivors (2048K)
 Metaspace       used 109847K, capacity 113080K, committed 113192K, reserved 1146880K
  class space    used 14003K, capacity 15253K, committed 15360K, reserved 1048576K
}
Event: 13.231 GC heap before
{Heap before GC invocations=38 (full 0):
 garbage-first heap   total 256000K, used 197351K [0x0000000080000000, 0x0000000100000000)
  region size 1024K, 65 young (66560K), 2 survivors (2048K)
 Metaspace       used 111245K, capacity 114895K, committed 114984K, reserved 1148928K
  class space    used 14383K, capacity 15863K, committed 15872K, reserved 1048576K
}
Event: 13.242 GC heap after
{Heap after GC invocations=39 (full 0):
 garbage-first heap   total 256000K, used 143941K [0x0000000080000000, 0x0000000100000000)
  region size 1024K, 9 young (9216K), 9 survivors (9216K)
 Metaspace       used 111245K, capacity 114895K, committed 114984K, reserved 1148928K
  class space    used 14383K, capacity 15863K, committed 15872K, reserved 1048576K
}
Event: 13.354 GC heap before
{Heap before GC invocations=39 (full 0):
 garbage-first heap   total 256000K, used 200261K [0x0000000080000000, 0x0000000100000000)
  region size 1024K, 65 young (66560K), 9 survivors (9216K)
 Metaspace       used 112089K, capacity 115276K, committed 117288K, reserved 1150976K
  class space    used 14385K, capacity 15695K, committed 16384K, reserved 1048576K
}
Event: 13.366 GC heap after
{Heap after GC invocations=40 (full 0):
 garbage-first heap   total 256000K, used 153381K [0x0000000080000000, 0x0000000100000000)
  region size 1024K, 9 young (9216K), 9 survivors (9216K)
 Metaspace       used 112089K, capacity 115276K, committed 117288K, reserved 1150976K
  class space    used 14385K, capacity 15695K, committed 16384K, reserved 1048576K
}
Event: 13.423 GC heap before
{Heap before GC invocations=41 (full 0):
 garbage-first heap   total 256000K, used 205605K [0x0000000080000000, 0x0000000100000000)
  region size 1024K, 60 young (61440K), 9 survivors (9216K)
 Metaspace       used 113321K, capacity 116664K, committed 118184K, reserved 1150976K
  class space    used 14620K, capacity 15980K, committed 16512K, reserved 1048576K
}

