# JRE version: OpenJDK Runtime Environment (11.0.13) (build 11.0.13+0-b1751.21-8125866)
# Java VM: OpenJDK 64-Bit Server VM (11.0.13+0-b1751.21-8125866, mixed mode, tiered, compressed oops, g1 gc, windows-amd64)
Heap:
 garbage-first heap   total 177152K, used 56788K [0x0000000080000000, 0x0000000100000000)
  region size 1024K, 8 young (8192K), 3 survivors (3072K)
 Metaspace       used 57651K, capacity 59289K, committed 59600K, reserved 1101824K
  class space    used 7287K, capacity 7870K, committed 7936K, reserved 1048576K
GC Heap History (20 events):
Event: 1.271 GC heap before
{Heap before GC invocations=1 (full 0):
 garbage-first heap   total 122880K, used 80980K [0x0000000080000000, 0x0000000100000000)
  region size 1024K, 72 young (73728K), 3 survivors (3072K)
 Metaspace       used 17221K, capacity 17598K, committed 17792K, reserved 1064960K
  class space    used 1984K, capacity 2106K, committed 2176K, reserved 1048576K
}
Event: 1.276 GC heap after
{Heap after GC invocations=2 (full 0):
 garbage-first heap   total 122880K, used 15752K [0x0000000080000000, 0x0000000100000000)
  region size 1024K, 9 young (9216K), 9 survivors (9216K)
 Metaspace       used 17221K, capacity 17598K, committed 17792K, reserved 1064960K
  class space    used 1984K, capacity 2106K, committed 2176K, reserved 1048576K
}
Event: 1.485 GC heap before
{Heap before GC invocations=2 (full 0):
 garbage-first heap   total 122880K, used 48520K [0x0000000080000000, 0x0000000100000000)
  region size 1024K, 43 young (44032K), 9 survivors (9216K)
 Metaspace       used 20767K, capacity 21189K, committed 21296K, reserved 1069056K
  class space    used 2529K, capacity 2688K, committed 2688K, reserved 1048576K
}
Event: 1.490 GC heap after
{Heap after GC invocations=3 (full 0):
 garbage-first heap   total 122880K, used 17649K [0x0000000080000000, 0x0000000100000000)
  region size 1024K, 2 young (2048K), 2 survivors (2048K)
 Metaspace       used 20767K, capacity 21189K, committed 21296K, reserved 1069056K
  class space    used 2529K, capacity 2688K, committed 2688K, reserved 1048576K
}
Event: 1.873 GC heap before
{Heap before GC invocations=4 (full 0):
 garbage-first heap   total 122880K, used 68849K [0x0000000080000000, 0x0000000100000000)
  region size 1024K, 52 young (53248K), 2 survivors (2048K)
 Metaspace       used 26097K, capacity 26758K, committed 27008K, reserved 1073152K
  class space    used 3400K, capacity 3639K, committed 3712K, reserved 1048576K
}
Event: 1.875 GC heap after
{Heap after GC invocations=5 (full 0):
 garbage-first heap   total 122880K, used 19334K [0x0000000080000000, 0x0000000100000000)
  region size 1024K, 4 young (4096K), 4 survivors (4096K)
 Metaspace       used 26097K, capacity 26758K, committed 27008K, reserved 1073152K
  class space    used 3400K, capacity 3639K, committed 3712K, reserved 1048576K
}
Event: 2.220 GC heap before
{Heap before GC invocations=5 (full 0):
 garbage-first heap   total 122880K, used 74630K [0x0000000080000000, 0x0000000100000000)
  region size 1024K, 58 young (59392K), 4 survivors (4096K)
 Metaspace       used 31689K, capacity 32411K, committed 32640K, reserved 1077248K
  class space    used 4207K, capacity 4462K, committed 4480K, reserved 1048576K
}
Event: 2.222 GC heap after
{Heap after GC invocations=6 (full 0):
 garbage-first heap   total 122880K, used 21164K [0x0000000080000000, 0x0000000100000000)
  region size 1024K, 5 young (5120K), 5 survivors (5120K)
 Metaspace       used 31689K, capacity 32411K, committed 32640K, reserved 1077248K
  class space    used 4207K, capacity 4462K, committed 4480K, reserved 1048576K
}
Event: 2.384 GC heap before
{Heap before GC invocations=6 (full 0):
 garbage-first heap   total 122880K, used 30380K [0x0000000080000000, 0x0000000100000000)
  region size 1024K, 15 young (15360K), 5 survivors (5120K)
 Metaspace       used 35179K, capacity 35962K, committed 36048K, reserved 1081344K
  class space    used 4525K, capacity 4838K, committed 4864K, reserved 1048576K
}
Event: 2.389 GC heap after
{Heap after GC invocations=7 (full 0):
 garbage-first heap   total 122880K, used 23037K [0x0000000080000000, 0x0000000100000000)
  region size 1024K, 6 young (6144K), 6 survivors (6144K)
 Metaspace       used 35179K, capacity 35962K, committed 36048K, reserved 1081344K
  class space    used 4525K, capacity 4838K, committed 4864K, reserved 1048576K
}
Event: 2.679 GC heap before
{Heap before GC invocations=8 (full 0):
 garbage-first heap   total 122880K, used 72189K [0x0000000080000000, 0x0000000100000000)
  region size 1024K, 52 young (53248K), 6 survivors (6144K)
 Metaspace       used 39152K, capacity 40062K, committed 40400K, reserved 1085440K
  class space    used 4941K, capacity 5261K, committed 5376K, reserved 1048576K
}
Event: 2.684 GC heap after
{Heap after GC invocations=9 (full 0):
 garbage-first heap   total 147456K, used 27095K [0x0000000080000000, 0x0000000100000000)
  region size 1024K, 7 young (7168K), 7 survivors (7168K)
 Metaspace       used 39152K, capacity 40062K, committed 40400K, reserved 1085440K
  class space    used 4941K, capacity 5261K, committed 5376K, reserved 1048576K
}
Event: 3.051 GC heap before
{Heap before GC invocations=9 (full 0):
 garbage-first heap   total 147456K, used 85463K [0x0000000080000000, 0x0000000100000000)
  region size 1024K, 64 young (65536K), 7 survivors (7168K)
 Metaspace       used 43975K, capacity 45065K, committed 45392K, reserved 1089536K
  class space    used 5535K, capacity 5919K, committed 6016K, reserved 1048576K
}
Event: 3.057 GC heap after
{Heap after GC invocations=10 (full 0):
 garbage-first heap   total 147456K, used 30414K [0x0000000080000000, 0x0000000100000000)
  region size 1024K, 7 young (7168K), 7 survivors (7168K)
 Metaspace       used 43975K, capacity 45065K, committed 45392K, reserved 1089536K
  class space    used 5535K, capacity 5919K, committed 6016K, reserved 1048576K
}
Event: 3.455 GC heap before
{Heap before GC invocations=10 (full 0):
 garbage-first heap   total 147456K, used 90830K [0x0000000080000000, 0x0000000100000000)
  region size 1024K, 66 young (67584K), 7 survivors (7168K)
 Metaspace       used 47956K, capacity 49249K, committed 49360K, reserved 1091584K
  class space    used 6080K, capacity 6547K, committed 6656K, reserved 1048576K
}
Event: 3.460 GC heap after
{Heap after GC invocations=11 (full 0):
 garbage-first heap   total 147456K, used 33916K [0x0000000080000000, 0x0000000100000000)
  region size 1024K, 7 young (7168K), 7 survivors (7168K)
 Metaspace       used 47956K, capacity 49249K, committed 49360K, reserved 1091584K
  class space    used 6080K, capacity 6547K, committed 6656K, reserved 1048576K
}
Event: 4.001 GC heap before
{Heap before GC invocations=11 (full 0):
 garbage-first heap   total 147456K, used 104572K [0x0000000080000000, 0x0000000100000000)
  region size 1024K, 68 young (69632K), 7 survivors (7168K)
 Metaspace       used 49990K, capacity 51466K, committed 51664K, reserved 1093632K
  class space    used 6321K, capacity 6865K, committed 6912K, reserved 1048576K
}
Event: 4.005 GC heap after
{Heap after GC invocations=12 (full 0):
 garbage-first heap   total 147456K, used 50433K [0x0000000080000000, 0x0000000100000000)
  region size 1024K, 9 young (9216K), 9 survivors (9216K)
 Metaspace       used 49990K, capacity 51466K, committed 51664K, reserved 1093632K
  class space    used 6321K, capacity 6865K, committed 6912K, reserved 1048576K
}
Event: 4.487 GC heap before
{Heap before GC invocations=12 (full 0):
 garbage-first heap   total 147456K, used 103681K [0x0000000080000000, 0x0000000100000000)
  region size 1024K, 61 young (62464K), 9 survivors (9216K)
 Metaspace       used 57305K, capacity 58893K, committed 59088K, reserved 1099776K
  class space    used 7224K, capacity 7822K, committed 7936K, reserved 1048576K
}
Event: 4.492 GC heap after
{Heap after GC invocations=13 (full 0):
 garbage-first heap   total 177152K, used 52692K [0x0000000080000000, 0x0000000100000000)
  region size 1024K, 3 young (3072K), 3 survivors (3072K)
 Metaspace       used 57305K, capacity 58893K, committed 59088K, reserved 1099776K
  class space    used 7224K, capacity 7822K, committed 7936K, reserved 1048576K
}

